<?xml version="1.0" encoding="UTF-8"?>
<testsuite name="com.example.fooddeliverynotification.service.OrderNotificationServiceTest" tests="3" skipped="0" failures="0" errors="0" timestamp="2026-06-20T05:45:55.914Z" hostname="UI-5CG5232HQT" time="0.016">
  <properties/>
  <testcase name="createsAndPublishesStatusSpecificNotification()" classname="com.example.fooddeliverynotification.service.OrderNotificationServiceTest" time="0.007"/>
  <testcase name="clearsNotificationsAndOrderProgress()" classname="com.example.fooddeliverynotification.service.OrderNotificationServiceTest" time="0.002"/>
  <testcase name="rejectsStatusUpdatesThatSkipTheOrderFlow()" classname="com.example.fooddeliverynotification.service.OrderNotificationServiceTest" time="0.006"/>
  <system-out><![CDATA[]]></system-out>
  <system-err><![CDATA[]]></system-err>
</testsuite>
